2019-06-05 13:39:15 [restartedMain] INFO  r.f.m.MovieTheaterApplication - Starting MovieTheaterApplication on WS-CJ-U1-2359 with PID 15628 (D:\movie-theather\movie-theater\back-end\movie-theater\target\classes started by stefan.socoleanu in D:\movie-theather\movie-theater\back-end\movie-theater)
2019-06-05 13:39:15 [restartedMain] INFO  r.f.m.MovieTheaterApplication - No active profile set, falling back to default profiles: default
2019-06-05 13:39:15 [restartedMain] INFO  o.s.b.d.e.DevToolsPropertyDefaultsPostProcessor - Devtools property defaults active! Set 'spring.devtools.add-properties' to 'false' to disable
2019-06-05 13:39:15 [restartedMain] INFO  o.s.b.d.e.DevToolsPropertyDefaultsPostProcessor - For additional web related logging consider setting the 'logging.level.web' property to 'DEBUG'
2019-06-05 13:39:16 [restartedMain] INFO  o.s.d.r.c.RepositoryConfigurationDelegate - Bootstrapping Spring Data repositories in DEFAULT mode.
2019-06-05 13:39:16 [restartedMain] INFO  o.s.d.r.c.RepositoryConfigurationDelegate - Finished Spring Data repository scanning in 93ms. Found 7 repository interfaces.
2019-06-05 13:39:17 [restartedMain] INFO  o.s.c.s.PostProcessorRegistrationDelegate$BeanPostProcessorChecker - Bean 'org.springframework.transaction.annotation.ProxyTransactionManagementConfiguration' of type [org.springframework.transaction.annotation.ProxyTransactionManagementConfiguration$$EnhancerBySpringCGLIB$$69331ab9] is not eligible for getting processed by all BeanPostProcessors (for example: not eligible for auto-proxying)
2019-06-05 13:39:17 [restartedMain] INFO  o.s.c.s.PostProcessorRegistrationDelegate$BeanPostProcessorChecker - Bean 'org.springframework.security.config.annotation.configuration.ObjectPostProcessorConfiguration' of type [org.springframework.security.config.annotation.configuration.ObjectPostProcessorConfiguration$$EnhancerBySpringCGLIB$$1e0e2f3] is not eligible for getting processed by all BeanPostProcessors (for example: not eligible for auto-proxying)
2019-06-05 13:39:17 [restartedMain] INFO  o.s.c.s.PostProcessorRegistrationDelegate$BeanPostProcessorChecker - Bean 'objectPostProcessor' of type [org.springframework.security.config.annotation.configuration.AutowireBeanFactoryObjectPostProcessor] is not eligible for getting processed by all BeanPostProcessors (for example: not eligible for auto-proxying)
2019-06-05 13:39:17 [restartedMain] INFO  o.s.c.s.PostProcessorRegistrationDelegate$BeanPostProcessorChecker - Bean 'org.springframework.security.access.expression.method.DefaultMethodSecurityExpressionHandler@37fc81e4' of type [org.springframework.security.access.expression.method.DefaultMethodSecurityExpressionHandler] is not eligible for getting processed by all BeanPostProcessors (for example: not eligible for auto-proxying)
2019-06-05 13:39:17 [restartedMain] INFO  o.s.c.s.PostProcessorRegistrationDelegate$BeanPostProcessorChecker - Bean 'org.springframework.security.config.annotation.method.configuration.GlobalMethodSecurityConfiguration' of type [org.springframework.security.config.annotation.method.configuration.GlobalMethodSecurityConfiguration$$EnhancerBySpringCGLIB$$26b585a5] is not eligible for getting processed by all BeanPostProcessors (for example: not eligible for auto-proxying)
2019-06-05 13:39:17 [restartedMain] INFO  o.s.c.s.PostProcessorRegistrationDelegate$BeanPostProcessorChecker - Bean 'methodSecurityMetadataSource' of type [org.springframework.security.access.method.DelegatingMethodSecurityMetadataSource] is not eligible for getting processed by all BeanPostProcessors (for example: not eligible for auto-proxying)
2019-06-05 13:39:17 [restartedMain] INFO  o.s.c.s.PostProcessorRegistrationDelegate$BeanPostProcessorChecker - Bean 'org.springframework.hateoas.config.HateoasConfiguration' of type [org.springframework.hateoas.config.HateoasConfiguration$$EnhancerBySpringCGLIB$$e8b367eb] is not eligible for getting processed by all BeanPostProcessors (for example: not eligible for auto-proxying)
2019-06-05 13:39:18 [restartedMain] INFO  o.s.b.w.e.tomcat.TomcatWebServer - Tomcat initialized with port(s): 8090 (http)
2019-06-05 13:39:18 [restartedMain] INFO  o.a.catalina.core.StandardService - Starting service [Tomcat]
2019-06-05 13:39:18 [restartedMain] INFO  o.a.catalina.core.StandardEngine - Starting Servlet engine: [Apache Tomcat/9.0.17]
2019-06-05 13:39:18 [restartedMain] INFO  o.a.c.c.C.[Tomcat].[localhost].[/] - Initializing Spring embedded WebApplicationContext
2019-06-05 13:39:18 [restartedMain] INFO  o.s.web.context.ContextLoader - Root WebApplicationContext: initialization completed in 3203 ms
2019-06-05 13:39:18 [restartedMain] INFO  com.zaxxer.hikari.HikariDataSource - HikariPool-1 - Starting...
2019-06-05 13:39:19 [restartedMain] INFO  com.zaxxer.hikari.HikariDataSource - HikariPool-1 - Start completed.
2019-06-05 13:39:19 [restartedMain] INFO  o.h.jpa.internal.util.LogHelper - HHH000204: Processing PersistenceUnitInfo [
	name: default
	...]
2019-06-05 13:39:19 [restartedMain] INFO  org.hibernate.Version - HHH000412: Hibernate Core {5.3.9.Final}
2019-06-05 13:39:19 [restartedMain] INFO  org.hibernate.cfg.Environment - HHH000206: hibernate.properties not found
2019-06-05 13:39:19 [restartedMain] INFO  o.h.annotations.common.Version - HCANN000001: Hibernate Commons Annotations {5.0.4.Final}
2019-06-05 13:39:19 [restartedMain] INFO  org.hibernate.dialect.Dialect - HHH000400: Using dialect: org.hibernate.dialect.MySQL5Dialect
2019-06-05 13:39:20 [restartedMain] INFO  o.s.o.j.LocalContainerEntityManagerFactoryBean - Initialized JPA EntityManagerFactory for persistence unit 'default'
2019-06-05 13:39:22 [restartedMain] INFO  o.s.s.web.DefaultSecurityFilterChain - Creating filter chain: Ant [pattern='/js/*'], []
2019-06-05 13:39:22 [restartedMain] INFO  o.s.s.web.DefaultSecurityFilterChain - Creating filter chain: Ant [pattern='/css/*'], []
2019-06-05 13:39:22 [restartedMain] WARN  o.s.b.a.o.j.JpaBaseConfiguration$JpaWebConfiguration$JpaWebMvcConfiguration - spring.jpa.open-in-view is enabled by default. Therefore, database queries may be performed during view rendering. Explicitly configure spring.jpa.open-in-view to disable this warning
2019-06-05 13:39:22 [restartedMain] INFO  o.s.s.web.DefaultSecurityFilterChain - Creating filter chain: any request, [org.springframework.security.web.context.request.async.WebAsyncManagerIntegrationFilter@4bbc2187, org.springframework.security.web.context.SecurityContextPersistenceFilter@2adbd048, org.springframework.security.web.header.HeaderWriterFilter@38adc8c, org.springframework.web.filter.CorsFilter@3c151479, org.springframework.security.web.authentication.logout.LogoutFilter@239158d5, ro.fortech.movietheater.securityConfig.JwtAuthenticationTokenFilter@26baad03, org.springframework.security.web.savedrequest.RequestCacheAwareFilter@c521ea5, org.springframework.security.web.servletapi.SecurityContextHolderAwareRequestFilter@4a22076, org.springframework.security.web.authentication.AnonymousAuthenticationFilter@469cfe55, org.springframework.security.web.session.SessionManagementFilter@43233f20, org.springframework.security.web.access.ExceptionTranslationFilter@6adf28ee, org.springframework.security.web.access.intercept.FilterSecurityInterceptor@650974f7]
2019-06-05 13:39:22 [restartedMain] INFO  o.s.s.c.ThreadPoolTaskExecutor - Initializing ExecutorService 'applicationTaskExecutor'
2019-06-05 13:39:22 [restartedMain] INFO  o.s.b.d.a.OptionalLiveReloadServer - LiveReload server is running on port 35729
2019-06-05 13:39:22 [restartedMain] INFO  o.s.b.w.e.tomcat.TomcatWebServer - Tomcat started on port(s): 8090 (http) with context path ''
2019-06-05 13:39:22 [restartedMain] INFO  r.f.m.MovieTheaterApplication - Started MovieTheaterApplication in 8.243 seconds (JVM running for 9.006)
2019-06-05 13:39:33 [http-nio-8090-exec-1] INFO  o.a.c.c.C.[Tomcat].[localhost].[/] - Initializing Spring DispatcherServlet 'dispatcherServlet'
2019-06-05 13:39:33 [http-nio-8090-exec-1] INFO  o.s.web.servlet.DispatcherServlet - Initializing Servlet 'dispatcherServlet'
2019-06-05 13:39:33 [http-nio-8090-exec-1] INFO  o.s.web.servlet.DispatcherServlet - Completed initialization in 33 ms
2019-06-05 13:39:33 [http-nio-8090-exec-2] INFO  o.h.h.i.QueryTranslatorFactoryInitiator - HHH000397: Using ASTQueryTranslatorFactory
2019-06-05 13:39:39 [http-nio-8090-exec-6] INFO  r.f.m.c.AuthenticationController - User logged in successfully
2019-06-05 13:41:59 [http-nio-8090-exec-10] INFO  r.f.m.controller.ActorController - Got the list of all the actors
2019-06-05 13:42:36 [http-nio-8090-exec-6] INFO  r.f.m.controller.ActorController - Got the list of all the actors
2019-06-05 13:53:12 [http-nio-8090-exec-5] INFO  r.f.m.controller.UserController - Movie was deleted from the watchlist
2019-06-05 13:53:15 [http-nio-8090-exec-8] INFO  r.f.m.controller.ActorController - Got the list of all the actors
